[ 2020-11-20T10:13:53+08:00 ] 172.30.0.1 /index.php?s=/Admin
INFO: [ app_init ] --START--
INFO: Run Behavior\BuildLiteBehavior [ RunTime:0.000005s ]
INFO: [ app_init ] --END-- [ RunTime:0.000042s ]
INFO: [ app_begin ] --START--
INFO: Run Behavior\ReadHtmlCacheBehavior [ RunTime:0.000082s ]
INFO: [ app_begin ] --END-- [ RunTime:0.000121s ]
SQL: SHOW COLUMNS FROM `kd_admin` [ RunTime:0.0013s ]

[ 2020-11-20T10:13:53+08:00 ] 172.30.0.1 /index.php?s=/Admin/Index/login.html
INFO: [ app_init ] --START--
INFO: Run Behavior\BuildLiteBehavior [ RunTime:0.000007s ]
INFO: [ app_init ] --END-- [ RunTime:0.000049s ]
INFO: [ app_begin ] --START--
INFO: Run Behavior\ReadHtmlCacheBehavior [ RunTime:0.000031s ]
INFO: [ app_begin ] --END-- [ RunTime:0.000051s ]
SQL: SHOW COLUMNS FROM `kd_admin` [ RunTime:0.0009s ]
SQL: SHOW COLUMNS FROM `kd_system` [ RunTime:0.0006s ]
SQL: SELECT `index_notice` FROM `kd_system` LIMIT 1   [ RunTime:0.0002s ]
NOTIC: [8] Undefined variable: account /app/Application/Admin/Controller/BaseController.class.php 第 30 行.
NOTIC: [8] Undefined variable: account /app/Application/Admin/Controller/BaseController.class.php 第 31 行.
INFO: [ view_parse ] --START--
INFO: [ template_filter ] --START--
INFO: Run Behavior\ContentReplaceBehavior [ RunTime:0.000032s ]
INFO: [ template_filter ] --END-- [ RunTime:0.000056s ]
INFO: Run Behavior\ParseTemplateBehavior [ RunTime:0.001143s ]
INFO: [ view_parse ] --END-- [ RunTime:0.001167s ]
INFO: [ view_filter ] --START--
INFO: Run Behavior\WriteHtmlCacheBehavior [ RunTime:0.000040s ]
INFO: [ view_filter ] --END-- [ RunTime:0.000054s ]
INFO: [ app_end ] --START--
INFO: Run Behavior\ShowPageTraceBehavior [ RunTime:0.000035s ]
INFO: [ app_end ] --END-- [ RunTime:0.000076s ]

[ 2020-11-20T10:18:50+08:00 ] 172.31.0.1 /index.php?s=/Admin
INFO: [ app_init ] --START--
INFO: Run Behavior\BuildLiteBehavior [ RunTime:0.000005s ]
INFO: [ app_init ] --END-- [ RunTime:0.000040s ]
INFO: [ app_begin ] --START--
INFO: Run Behavior\ReadHtmlCacheBehavior [ RunTime:0.000028s ]
INFO: [ app_begin ] --END-- [ RunTime:0.000044s ]
SQL: SHOW COLUMNS FROM `kd_admin` [ RunTime:0.0009s ]

[ 2020-11-20T10:18:51+08:00 ] 172.31.0.1 /index.php?s=/Admin/Index/login.html
INFO: [ app_init ] --START--
INFO: Run Behavior\BuildLiteBehavior [ RunTime:0.000006s ]
INFO: [ app_init ] --END-- [ RunTime:0.000035s ]
INFO: [ app_begin ] --START--
INFO: Run Behavior\ReadHtmlCacheBehavior [ RunTime:0.000020s ]
INFO: [ app_begin ] --END-- [ RunTime:0.000032s ]
SQL: SHOW COLUMNS FROM `kd_admin` [ RunTime:0.0006s ]
SQL: SHOW COLUMNS FROM `kd_system` [ RunTime:0.0005s ]
SQL: SELECT `index_notice` FROM `kd_system` LIMIT 1   [ RunTime:0.0002s ]
NOTIC: [8] Undefined variable: account /app/Application/Admin/Controller/BaseController.class.php 第 30 行.
NOTIC: [8] Undefined variable: account /app/Application/Admin/Controller/BaseController.class.php 第 31 行.
INFO: [ view_parse ] --START--
INFO: [ template_filter ] --START--
INFO: Run Behavior\ContentReplaceBehavior [ RunTime:0.000021s ]
INFO: [ template_filter ] --END-- [ RunTime:0.000034s ]
INFO: Run Behavior\ParseTemplateBehavior [ RunTime:0.000683s ]
INFO: [ view_parse ] --END-- [ RunTime:0.000697s ]
INFO: [ view_filter ] --START--
INFO: Run Behavior\WriteHtmlCacheBehavior [ RunTime:0.000033s ]
INFO: [ view_filter ] --END-- [ RunTime:0.000041s ]
INFO: [ app_end ] --START--
INFO: Run Behavior\ShowPageTraceBehavior [ RunTime:0.000025s ]
INFO: [ app_end ] --END-- [ RunTime:0.000033s ]

[ 2020-11-20T10:19:01+08:00 ] 172.31.0.1 /index.php?s=/Admin/Index/login.html
INFO: [ app_init ] --START--
INFO: Run Behavior\BuildLiteBehavior [ RunTime:0.000007s ]
INFO: [ app_init ] --END-- [ RunTime:0.000054s ]
INFO: [ app_begin ] --START--
INFO: Run Behavior\ReadHtmlCacheBehavior [ RunTime:0.000033s ]
INFO: [ app_begin ] --END-- [ RunTime:0.000052s ]
SQL: SHOW COLUMNS FROM `kd_admin` [ RunTime:0.0008s ]
SQL: SHOW COLUMNS FROM `kd_system` [ RunTime:0.0007s ]
SQL: SELECT `index_notice` FROM `kd_system` LIMIT 1   [ RunTime:0.0003s ]
NOTIC: [8] Undefined variable: account /app/Application/Admin/Controller/BaseController.class.php 第 30 行.
NOTIC: [8] Undefined variable: account /app/Application/Admin/Controller/BaseController.class.php 第 31 行.
SQL: SHOW COLUMNS FROM `kd_admin` [ RunTime:0.0007s ]
SQL: SHOW COLUMNS FROM `kd_admin` [ RunTime:0.0007s ]
SQL: SELECT * FROM `kd_admin` WHERE `account` = 'zero' LIMIT 1   [ RunTime:0.0003s ]

[ 2020-11-20T10:19:12+08:00 ] 172.31.0.1 /index.php?s=/Admin/Index/login.html
INFO: [ app_init ] --START--
INFO: Run Behavior\BuildLiteBehavior [ RunTime:0.000008s ]
INFO: [ app_init ] --END-- [ RunTime:0.000063s ]
INFO: [ app_begin ] --START--
INFO: Run Behavior\ReadHtmlCacheBehavior [ RunTime:0.000038s ]
INFO: [ app_begin ] --END-- [ RunTime:0.000057s ]
SQL: SHOW COLUMNS FROM `kd_admin` [ RunTime:0.0011s ]
SQL: SHOW COLUMNS FROM `kd_system` [ RunTime:0.0009s ]
SQL: SELECT `index_notice` FROM `kd_system` LIMIT 1   [ RunTime:0.0003s ]
NOTIC: [8] Undefined variable: account /app/Application/Admin/Controller/BaseController.class.php 第 30 行.
NOTIC: [8] Undefined variable: account /app/Application/Admin/Controller/BaseController.class.php 第 31 行.
SQL: SHOW COLUMNS FROM `kd_admin` [ RunTime:0.0008s ]
SQL: SHOW COLUMNS FROM `kd_admin` [ RunTime:0.0006s ]
SQL: SELECT * FROM `kd_admin` WHERE `account` = 'zero' LIMIT 1   [ RunTime:0.0002s ]

[ 2020-11-20T10:19:20+08:00 ] 172.31.0.1 /index.php?s=/Admin/Index/login.html
INFO: [ app_init ] --START--
INFO: Run Behavior\BuildLiteBehavior [ RunTime:0.000009s ]
INFO: [ app_init ] --END-- [ RunTime:0.000059s ]
INFO: [ app_begin ] --START--
INFO: Run Behavior\ReadHtmlCacheBehavior [ RunTime:0.000034s ]
INFO: [ app_begin ] --END-- [ RunTime:0.000052s ]
SQL: SHOW COLUMNS FROM `kd_admin` [ RunTime:0.0010s ]
SQL: SHOW COLUMNS FROM `kd_system` [ RunTime:0.0009s ]
SQL: SELECT `index_notice` FROM `kd_system` LIMIT 1   [ RunTime:0.0002s ]
NOTIC: [8] Undefined variable: account /app/Application/Admin/Controller/BaseController.class.php 第 30 行.
NOTIC: [8] Undefined variable: account /app/Application/Admin/Controller/BaseController.class.php 第 31 行.
SQL: SHOW COLUMNS FROM `kd_admin` [ RunTime:0.0009s ]
SQL: SHOW COLUMNS FROM `kd_admin` [ RunTime:0.0009s ]
SQL: SELECT * FROM `kd_admin` WHERE `account` = 'zero' LIMIT 1   [ RunTime:0.0003s ]

[ 2020-11-20T10:19:27+08:00 ] 172.31.0.1 /index.php?s=/Admin/Index/login.html
INFO: [ app_init ] --START--
INFO: Run Behavior\BuildLiteBehavior [ RunTime:0.000009s ]
INFO: [ app_init ] --END-- [ RunTime:0.000058s ]
INFO: [ app_begin ] --START--
INFO: Run Behavior\ReadHtmlCacheBehavior [ RunTime:0.000034s ]
INFO: [ app_begin ] --END-- [ RunTime:0.000052s ]
SQL: SHOW COLUMNS FROM `kd_admin` [ RunTime:0.0010s ]
SQL: SHOW COLUMNS FROM `kd_system` [ RunTime:0.0010s ]
SQL: SELECT `index_notice` FROM `kd_system` LIMIT 1   [ RunTime:0.0003s ]
NOTIC: [8] Undefined variable: account /app/Application/Admin/Controller/BaseController.class.php 第 30 行.
NOTIC: [8] Undefined variable: account /app/Application/Admin/Controller/BaseController.class.php 第 31 行.
SQL: SHOW COLUMNS FROM `kd_admin` [ RunTime:0.0007s ]
SQL: SHOW COLUMNS FROM `kd_admin` [ RunTime:0.0006s ]
SQL: SELECT * FROM `kd_admin` WHERE `account` = 'zero' LIMIT 1   [ RunTime:0.0003s ]

[ 2020-11-20T10:19:32+08:00 ] 172.31.0.1 /index.php?s=/Admin/Index/login.html
INFO: [ app_init ] --START--
INFO: Run Behavior\BuildLiteBehavior [ RunTime:0.000007s ]
INFO: [ app_init ] --END-- [ RunTime:0.000058s ]
INFO: [ app_begin ] --START--
INFO: Run Behavior\ReadHtmlCacheBehavior [ RunTime:0.000035s ]
INFO: [ app_begin ] --END-- [ RunTime:0.000054s ]
SQL: SHOW COLUMNS FROM `kd_admin` [ RunTime:0.0011s ]
SQL: SHOW COLUMNS FROM `kd_system` [ RunTime:0.0010s ]
SQL: SELECT `index_notice` FROM `kd_system` LIMIT 1   [ RunTime:0.0003s ]
NOTIC: [8] Undefined variable: account /app/Application/Admin/Controller/BaseController.class.php 第 30 行.
NOTIC: [8] Undefined variable: account /app/Application/Admin/Controller/BaseController.class.php 第 31 行.
SQL: SHOW COLUMNS FROM `kd_admin` [ RunTime:0.0008s ]
SQL: SHOW COLUMNS FROM `kd_admin` [ RunTime:0.0007s ]
SQL: SELECT * FROM `kd_admin` WHERE `account` = 'zero' LIMIT 1   [ RunTime:0.0004s ]

[ 2020-11-20T11:36:50+08:00 ] 192.168.112.1 /index.php?s=/Admin
INFO: [ app_init ] --START--
INFO: Run Behavior\BuildLiteBehavior [ RunTime:0.000005s ]
INFO: [ app_init ] --END-- [ RunTime:0.000039s ]
INFO: [ app_begin ] --START--
INFO: Run Behavior\ReadHtmlCacheBehavior [ RunTime:0.000068s ]
INFO: [ app_begin ] --END-- [ RunTime:0.000104s ]
SQL: SHOW COLUMNS FROM `kd_admin` [ RunTime:0.0015s ]

[ 2020-11-20T11:36:50+08:00 ] 192.168.112.1 /index.php?s=/Admin/Index/login.html
INFO: [ app_init ] --START--
INFO: Run Behavior\BuildLiteBehavior [ RunTime:0.000007s ]
INFO: [ app_init ] --END-- [ RunTime:0.000044s ]
INFO: [ app_begin ] --START--
INFO: Run Behavior\ReadHtmlCacheBehavior [ RunTime:0.000026s ]
INFO: [ app_begin ] --END-- [ RunTime:0.000044s ]
SQL: SHOW COLUMNS FROM `kd_admin` [ RunTime:0.0009s ]
SQL: SHOW COLUMNS FROM `kd_system` [ RunTime:0.0008s ]
SQL: SELECT `index_notice` FROM `kd_system` LIMIT 1   [ RunTime:0.0002s ]
NOTIC: [8] Undefined variable: account /app/Application/Admin/Controller/BaseController.class.php 第 30 行.
NOTIC: [8] Undefined variable: account /app/Application/Admin/Controller/BaseController.class.php 第 31 行.
INFO: [ view_parse ] --START--
INFO: [ template_filter ] --START--
INFO: Run Behavior\ContentReplaceBehavior [ RunTime:0.000031s ]
INFO: [ template_filter ] --END-- [ RunTime:0.000062s ]
INFO: Run Behavior\ParseTemplateBehavior [ RunTime:0.021700s ]
INFO: [ view_parse ] --END-- [ RunTime:0.021719s ]
INFO: [ view_filter ] --START--
INFO: Run Behavior\WriteHtmlCacheBehavior [ RunTime:0.000034s ]
INFO: [ view_filter ] --END-- [ RunTime:0.000047s ]
INFO: [ app_end ] --START--
INFO: Run Behavior\ShowPageTraceBehavior [ RunTime:0.000028s ]
INFO: [ app_end ] --END-- [ RunTime:0.000041s ]

[ 2020-11-20T11:38:20+08:00 ] 192.168.112.1 /index.php?s=/Admin/Index/login.html
INFO: [ app_init ] --START--
INFO: Run Behavior\BuildLiteBehavior [ RunTime:0.000008s ]
INFO: [ app_init ] --END-- [ RunTime:0.000067s ]
INFO: [ app_begin ] --START--
INFO: Run Behavior\ReadHtmlCacheBehavior [ RunTime:0.000034s ]
INFO: [ app_begin ] --END-- [ RunTime:0.000053s ]
SQL: SHOW COLUMNS FROM `kd_admin` [ RunTime:0.0008s ]
SQL: SHOW COLUMNS FROM `kd_system` [ RunTime:0.0007s ]
SQL: SELECT `index_notice` FROM `kd_system` LIMIT 1   [ RunTime:0.0003s ]
NOTIC: [8] Undefined variable: account /app/Application/Admin/Controller/BaseController.class.php 第 30 行.
NOTIC: [8] Undefined variable: account /app/Application/Admin/Controller/BaseController.class.php 第 31 行.
INFO: [ view_parse ] --START--
INFO: [ template_filter ] --START--
INFO: Run Behavior\ContentReplaceBehavior [ RunTime:0.000025s ]
INFO: [ template_filter ] --END-- [ RunTime:0.000043s ]
INFO: Run Behavior\ParseTemplateBehavior [ RunTime:0.000823s ]
INFO: [ view_parse ] --END-- [ RunTime:0.000840s ]
INFO: [ view_filter ] --START--
INFO: Run Behavior\WriteHtmlCacheBehavior [ RunTime:0.000036s ]
INFO: [ view_filter ] --END-- [ RunTime:0.000047s ]
INFO: [ app_end ] --START--
INFO: Run Behavior\ShowPageTraceBehavior [ RunTime:0.000029s ]
INFO: [ app_end ] --END-- [ RunTime:0.000040s ]

[ 2020-11-20T11:38:27+08:00 ] 192.168.112.1 /index.php?s=/Admin/Index/login.html
INFO: [ app_init ] --START--
INFO: Run Behavior\BuildLiteBehavior [ RunTime:0.000006s ]
INFO: [ app_init ] --END-- [ RunTime:0.000061s ]
INFO: [ app_begin ] --START--
INFO: Run Behavior\ReadHtmlCacheBehavior [ RunTime:0.000028s ]
INFO: [ app_begin ] --END-- [ RunTime:0.000042s ]
SQL: SHOW COLUMNS FROM `kd_admin` [ RunTime:0.0010s ]
SQL: SHOW COLUMNS FROM `kd_system` [ RunTime:0.0007s ]
SQL: SELECT `index_notice` FROM `kd_system` LIMIT 1   [ RunTime:0.0002s ]
NOTIC: [8] Undefined variable: account /app/Application/Admin/Controller/BaseController.class.php 第 30 行.
NOTIC: [8] Undefined variable: account /app/Application/Admin/Controller/BaseController.class.php 第 31 行.
SQL: SHOW COLUMNS FROM `kd_admin` [ RunTime:0.0005s ]
SQL: SHOW COLUMNS FROM `kd_admin` [ RunTime:0.0005s ]
SQL: SELECT * FROM `kd_admin` WHERE `account` = 'zero' LIMIT 1   [ RunTime:0.0003s ]
SQL: UPDATE `kd_admin` SET `login_time`='1605843507',`login_ip`='192.168.112.1' WHERE `admin_id` = 1 [ RunTime:0.0743s ]

[ 2020-11-20T11:38:27+08:00 ] 192.168.112.1 /index.php?s=/Admin/Index/index.html
INFO: [ app_init ] --START--
INFO: Run Behavior\BuildLiteBehavior [ RunTime:0.000007s ]
INFO: [ app_init ] --END-- [ RunTime:0.000059s ]
INFO: [ app_begin ] --START--
INFO: Run Behavior\ReadHtmlCacheBehavior [ RunTime:0.000022s ]
INFO: [ app_begin ] --END-- [ RunTime:0.000047s ]
SQL: SHOW COLUMNS FROM `kd_admin` [ RunTime:0.0008s ]
SQL: SHOW COLUMNS FROM `kd_admin` [ RunTime:0.0006s ]
SQL: SELECT `account`,`role` FROM `kd_admin` WHERE ( admin_id=1 ) LIMIT 1   [ RunTime:0.0002s ]
SQL: SHOW COLUMNS FROM `kd_system` [ RunTime:0.0007s ]
SQL: SELECT `index_notice` FROM `kd_system` LIMIT 1   [ RunTime:0.0002s ]
INFO: [ view_parse ] --START--
INFO: [ template_filter ] --START--
INFO: Run Behavior\ContentReplaceBehavior [ RunTime:0.000018s ]
INFO: [ template_filter ] --END-- [ RunTime:0.000031s ]
INFO: Run Behavior\ParseTemplateBehavior [ RunTime:0.000681s ]
INFO: [ view_parse ] --END-- [ RunTime:0.000696s ]
INFO: [ view_filter ] --START--
INFO: Run Behavior\WriteHtmlCacheBehavior [ RunTime:0.000025s ]
INFO: [ view_filter ] --END-- [ RunTime:0.000034s ]
INFO: [ app_end ] --START--
INFO: Run Behavior\ShowPageTraceBehavior [ RunTime:0.000020s ]
INFO: [ app_end ] --END-- [ RunTime:0.000030s ]

[ 2020-11-20T11:38:27+08:00 ] 192.168.112.1 /index.php?s=/Admin/Index/left.html
INFO: [ app_init ] --START--
INFO: Run Behavior\BuildLiteBehavior [ RunTime:0.000005s ]
INFO: [ app_init ] --END-- [ RunTime:0.000036s ]
INFO: [ app_begin ] --START--
INFO: Run Behavior\ReadHtmlCacheBehavior [ RunTime:0.000019s ]
INFO: [ app_begin ] --END-- [ RunTime:0.000030s ]
SQL: SHOW COLUMNS FROM `kd_admin` [ RunTime:0.0007s ]
SQL: SHOW COLUMNS FROM `kd_admin` [ RunTime:0.0005s ]
SQL: SELECT `account`,`role` FROM `kd_admin` WHERE ( admin_id=1 ) LIMIT 1   [ RunTime:0.0002s ]
SQL: SHOW COLUMNS FROM `kd_system` [ RunTime:0.0006s ]
SQL: SELECT `index_notice` FROM `kd_system` LIMIT 1   [ RunTime:0.0002s ]
INFO: [ view_parse ] --START--
INFO: [ template_filter ] --START--
INFO: Run Behavior\ContentReplaceBehavior [ RunTime:0.000034s ]
INFO: [ template_filter ] --END-- [ RunTime:0.000048s ]
INFO: Run Behavior\ParseTemplateBehavior [ RunTime:0.000818s ]
INFO: [ view_parse ] --END-- [ RunTime:0.000833s ]
INFO: [ view_filter ] --START--
INFO: Run Behavior\WriteHtmlCacheBehavior [ RunTime:0.000020s ]
INFO: [ view_filter ] --END-- [ RunTime:0.000028s ]
INFO: [ app_end ] --START--
INFO: Run Behavior\ShowPageTraceBehavior [ RunTime:0.000017s ]
INFO: [ app_end ] --END-- [ RunTime:0.000025s ]

[ 2020-11-20T11:38:27+08:00 ] 192.168.112.1 /index.php?s=/Admin/Index/top.html
INFO: [ app_init ] --START--
INFO: Run Behavior\BuildLiteBehavior [ RunTime:0.000004s ]
INFO: [ app_init ] --END-- [ RunTime:0.000025s ]
INFO: [ app_begin ] --START--
INFO: Run Behavior\ReadHtmlCacheBehavior [ RunTime:0.000018s ]
INFO: [ app_begin ] --END-- [ RunTime:0.000029s ]
SQL: SHOW COLUMNS FROM `kd_admin` [ RunTime:0.0009s ]
SQL: SHOW COLUMNS FROM `kd_admin` [ RunTime:0.0008s ]
SQL: SELECT `account`,`role` FROM `kd_admin` WHERE ( admin_id=1 ) LIMIT 1   [ RunTime:0.0002s ]
SQL: SHOW COLUMNS FROM `kd_system` [ RunTime:0.0007s ]
SQL: SELECT `index_notice` FROM `kd_system` LIMIT 1   [ RunTime:0.0004s ]
INFO: [ view_parse ] --START--
INFO: [ template_filter ] --START--
INFO: Run Behavior\ContentReplaceBehavior [ RunTime:0.000020s ]
INFO: [ template_filter ] --END-- [ RunTime:0.000033s ]
INFO: Run Behavior\ParseTemplateBehavior [ RunTime:0.000759s ]
INFO: [ view_parse ] --END-- [ RunTime:0.000772s ]
INFO: [ view_filter ] --START--
INFO: Run Behavior\WriteHtmlCacheBehavior [ RunTime:0.000018s ]
INFO: [ view_filter ] --END-- [ RunTime:0.000025s ]
INFO: [ app_end ] --START--
INFO: Run Behavior\ShowPageTraceBehavior [ RunTime:0.000014s ]
INFO: [ app_end ] --END-- [ RunTime:0.000021s ]

[ 2020-11-20T11:38:28+08:00 ] 192.168.112.1 /index.php?s=/Admin/Index/main.html
INFO: [ app_init ] --START--
INFO: Run Behavior\BuildLiteBehavior [ RunTime:0.000004s ]
INFO: [ app_init ] --END-- [ RunTime:0.000026s ]
INFO: [ app_begin ] --START--
INFO: Run Behavior\ReadHtmlCacheBehavior [ RunTime:0.000017s ]
INFO: [ app_begin ] --END-- [ RunTime:0.000029s ]
SQL: SHOW COLUMNS FROM `kd_admin` [ RunTime:0.0006s ]
SQL: SHOW COLUMNS FROM `kd_admin` [ RunTime:0.0005s ]
SQL: SELECT `account`,`role` FROM `kd_admin` WHERE ( admin_id=1 ) LIMIT 1   [ RunTime:0.0006s ]
SQL: SHOW COLUMNS FROM `kd_system` [ RunTime:0.0015s ]
SQL: SELECT `index_notice` FROM `kd_system` LIMIT 1   [ RunTime:0.0002s ]
SQL: SHOW COLUMNS FROM `kd_admin` [ RunTime:0.0005s ]
SQL: SHOW COLUMNS FROM `kd_union_log` [ RunTime:0.0007s ]
SQL: SELECT COUNT(*) AS tp_count FROM `kd_union_log` LIMIT 1   [ RunTime:0.0002s ]
SQL: SHOW COLUMNS FROM `kd_task` [ RunTime:0.0011s ]
SQL: SELECT COUNT(*) AS tp_count FROM `kd_task` LIMIT 1   [ RunTime:0.0002s ]
SQL: SELECT SUM(unit_price) AS tp_SUM FROM `kd_task` LIMIT 1   [ RunTime:0.0002s ]
NOTIC: [2] Division by zero /app/Application/Admin/Logic/AdminLogic.class.php 第 182 行.
SQL: SHOW COLUMNS FROM `kd_seller_recharge` [ RunTime:0.0008s ]
SQL: SELECT SUM(charge_money) AS tp_SUM FROM `kd_seller_recharge` LIMIT 1   [ RunTime:0.0002s ]
SQL: SHOW COLUMNS FROM `kd_seller_finance` [ RunTime:0.0008s ]
SQL: SELECT SUM(money) AS tp_SUM FROM `kd_seller_finance` WHERE `change_type` = 2 LIMIT 1   [ RunTime:0.0002s ]
SQL: SHOW COLUMNS FROM `kd_seller` [ RunTime:0.0007s ]
SQL: SELECT SUM(money) AS tp_SUM FROM `kd_seller` LIMIT 1   [ RunTime:0.0002s ]
SQL: SHOW COLUMNS FROM `kd_article` [ RunTime:0.0007s ]
SQL: SELECT COUNT(*) AS tp_count FROM `kd_article` LIMIT 1   [ RunTime:0.0002s ]
SQL: SELECT COUNT(*) AS tp_count FROM `kd_seller` LIMIT 1   [ RunTime:0.0001s ]
SQL: SELECT COUNT(*) AS tp_count FROM `kd_seller_recharge` LIMIT 1   [ RunTime:0.0001s ]
SQL: SELECT COUNT(*) AS count FROM `kd_task` WHERE ( add_time BETWEEN '2020-11-19' AND '2020-11-20' ) [ RunTime:0.0002s ]
SQL: SELECT COALESCE(SUM(charge_money),0) AS sum FROM `kd_seller_recharge` WHERE ( charge_create BETWEEN '2020-11-19' AND '2020-11-20' ) [ RunTime:0.0002s ]
SQL: SELECT COUNT(*) AS count FROM `kd_task` WHERE ( add_time BETWEEN '2020-11-18' AND '2020-11-19' ) [ RunTime:0.0001s ]
SQL: SELECT COALESCE(SUM(charge_money),0) AS sum FROM `kd_seller_recharge` WHERE ( charge_create BETWEEN '2020-11-18' AND '2020-11-19' ) [ RunTime:0.0002s ]
SQL: SELECT COUNT(*) AS count FROM `kd_task` WHERE ( add_time BETWEEN '2020-11-17' AND '2020-11-18' ) [ RunTime:0.0002s ]
SQL: SELECT COALESCE(SUM(charge_money),0) AS sum FROM `kd_seller_recharge` WHERE ( charge_create BETWEEN '2020-11-17' AND '2020-11-18' ) [ RunTime:0.0025s ]
SQL: SELECT COUNT(*) AS count FROM `kd_task` WHERE ( add_time BETWEEN '2020-11-16' AND '2020-11-17' ) [ RunTime:0.0003s ]
SQL: SELECT COALESCE(SUM(charge_money),0) AS sum FROM `kd_seller_recharge` WHERE ( charge_create BETWEEN '2020-11-16' AND '2020-11-17' ) [ RunTime:0.0002s ]
SQL: SELECT COUNT(*) AS count FROM `kd_task` WHERE ( add_time BETWEEN '2020-11-15' AND '2020-11-16' ) [ RunTime:0.0001s ]
SQL: SELECT COALESCE(SUM(charge_money),0) AS sum FROM `kd_seller_recharge` WHERE ( charge_create BETWEEN '2020-11-15' AND '2020-11-16' ) [ RunTime:0.0002s ]
SQL: SELECT COUNT(*) AS count FROM `kd_task` WHERE ( add_time BETWEEN '2020-11-14' AND '2020-11-15' ) [ RunTime:0.0001s ]
SQL: SELECT COALESCE(SUM(charge_money),0) AS sum FROM `kd_seller_recharge` WHERE ( charge_create BETWEEN '2020-11-14' AND '2020-11-15' ) [ RunTime:0.0001s ]
SQL: SELECT COUNT(*) AS count FROM `kd_task` WHERE ( add_time BETWEEN '2020-11-13' AND '2020-11-14' ) [ RunTime:0.0002s ]
SQL: SELECT COALESCE(SUM(charge_money),0) AS sum FROM `kd_seller_recharge` WHERE ( charge_create BETWEEN '2020-11-13' AND '2020-11-14' ) [ RunTime:0.0002s ]
INFO: [ view_parse ] --START--
INFO: [ template_filter ] --START--
INFO: Run Behavior\ContentReplaceBehavior [ RunTime:0.000047s ]
INFO: [ template_filter ] --END-- [ RunTime:0.000063s ]
INFO: Run Behavior\ParseTemplateBehavior [ RunTime:0.001063s ]
INFO: [ view_parse ] --END-- [ RunTime:0.001079s ]
INFO: [ view_filter ] --START--
INFO: Run Behavior\WriteHtmlCacheBehavior [ RunTime:0.000022s ]
INFO: [ view_filter ] --END-- [ RunTime:0.000031s ]
INFO: [ app_end ] --START--
INFO: Run Behavior\ShowPageTraceBehavior [ RunTime:0.000028s ]
INFO: [ app_end ] --END-- [ RunTime:0.000044s ]

[ 2020-11-20T11:38:47+08:00 ] 192.168.112.1 /index.php?s=/Admin/Admin/show.html
INFO: [ app_init ] --START--
INFO: Run Behavior\BuildLiteBehavior [ RunTime:0.000007s ]
INFO: [ app_init ] --END-- [ RunTime:0.000054s ]
INFO: [ app_begin ] --START--
INFO: Run Behavior\ReadHtmlCacheBehavior [ RunTime:0.000034s ]
INFO: [ app_begin ] --END-- [ RunTime:0.000050s ]
NOTIC: [2] Declaration of Admin\Controller\AdminController::show() should be compatible with Think\Controller::show($content, $charset = '', $contentType = '', $prefix = '') /app/Application/Admin/Controller/AdminController.class.php 第 5 行.
SQL: SHOW COLUMNS FROM `kd_admin` [ RunTime:0.0008s ]
SQL: SHOW COLUMNS FROM `kd_admin` [ RunTime:0.0007s ]
SQL: SELECT `account`,`role` FROM `kd_admin` WHERE ( admin_id=1 ) LIMIT 1   [ RunTime:0.0002s ]
SQL: SHOW COLUMNS FROM `kd_system` [ RunTime:0.0007s ]
SQL: SELECT `index_notice` FROM `kd_system` LIMIT 1   [ RunTime:0.0002s ]
SQL: SHOW COLUMNS FROM `kd_admin` [ RunTime:0.0008s ]
SQL: SELECT COUNT(*) AS tp_count FROM `kd_admin` LIMIT 1   [ RunTime:0.0003s ]
SQL: SELECT * FROM `kd_admin` ORDER BY role asc LIMIT 0,15   [ RunTime:0.0004s ]
INFO: [ view_parse ] --START--
INFO: [ template_filter ] --START--
INFO: Run Behavior\ContentReplaceBehavior [ RunTime:0.000028s ]
INFO: [ template_filter ] --END-- [ RunTime:0.000045s ]
INFO: Run Behavior\ParseTemplateBehavior [ RunTime:0.001200s ]
INFO: [ view_parse ] --END-- [ RunTime:0.001217s ]
INFO: [ view_filter ] --START--
INFO: Run Behavior\WriteHtmlCacheBehavior [ RunTime:0.000031s ]
INFO: [ view_filter ] --END-- [ RunTime:0.000043s ]
INFO: [ app_end ] --START--
INFO: Run Behavior\ShowPageTraceBehavior [ RunTime:0.000026s ]
INFO: [ app_end ] --END-- [ RunTime:0.000038s ]

[ 2020-11-20T11:38:49+08:00 ] 192.168.112.1 /index.php?s=/Admin/Admin/adminAdd/admin_id/1
INFO: [ app_init ] --START--
INFO: Run Behavior\BuildLiteBehavior [ RunTime:0.000007s ]
INFO: [ app_init ] --END-- [ RunTime:0.000052s ]
INFO: [ app_begin ] --START--
INFO: Run Behavior\ReadHtmlCacheBehavior [ RunTime:0.000029s ]
INFO: [ app_begin ] --END-- [ RunTime:0.000049s ]
NOTIC: [2] Declaration of Admin\Controller\AdminController::show() should be compatible with Think\Controller::show($content, $charset = '', $contentType = '', $prefix = '') /app/Application/Admin/Controller/AdminController.class.php 第 5 行.
SQL: SHOW COLUMNS FROM `kd_admin` [ RunTime:0.0011s ]
SQL: SHOW COLUMNS FROM `kd_admin` [ RunTime:0.0006s ]
SQL: SELECT `account`,`role` FROM `kd_admin` WHERE ( admin_id=1 ) LIMIT 1   [ RunTime:0.0003s ]
SQL: SHOW COLUMNS FROM `kd_system` [ RunTime:0.0009s ]
SQL: SELECT `index_notice` FROM `kd_system` LIMIT 1   [ RunTime:0.0004s ]
SQL: SHOW COLUMNS FROM `kd_admin` [ RunTime:0.0006s ]
SQL: SELECT * FROM `kd_admin` WHERE ( admin_id=1 ) LIMIT 1   [ RunTime:0.0002s ]
NOTIC: [2] Invalid argument supplied for foreach() /app/ThinkPHP/Common/functions.php 第 346 行.
INFO: [ view_parse ] --START--
INFO: [ template_filter ] --START--
INFO: Run Behavior\ContentReplaceBehavior [ RunTime:0.000026s ]
INFO: [ template_filter ] --END-- [ RunTime:0.000044s ]
INFO: Run Behavior\ParseTemplateBehavior [ RunTime:0.000817s ]
INFO: [ view_parse ] --END-- [ RunTime:0.000835s ]
INFO: [ view_filter ] --START--
INFO: Run Behavior\WriteHtmlCacheBehavior [ RunTime:0.000026s ]
INFO: [ view_filter ] --END-- [ RunTime:0.000038s ]
INFO: [ app_end ] --START--
INFO: Run Behavior\ShowPageTraceBehavior [ RunTime:0.000020s ]
INFO: [ app_end ] --END-- [ RunTime:0.000032s ]

[ 2020-11-20T11:39:10+08:00 ] 192.168.112.1 /index.php?s=/Admin/Admin/show.html
INFO: [ app_init ] --START--
INFO: Run Behavior\BuildLiteBehavior [ RunTime:0.000007s ]
INFO: [ app_init ] --END-- [ RunTime:0.000059s ]
INFO: [ app_begin ] --START--
INFO: Run Behavior\ReadHtmlCacheBehavior [ RunTime:0.000034s ]
INFO: [ app_begin ] --END-- [ RunTime:0.000054s ]
NOTIC: [2] Declaration of Admin\Controller\AdminController::show() should be compatible with Think\Controller::show($content, $charset = '', $contentType = '', $prefix = '') /app/Application/Admin/Controller/AdminController.class.php 第 5 行.
SQL: SHOW COLUMNS FROM `kd_admin` [ RunTime:0.0009s ]
SQL: SHOW COLUMNS FROM `kd_admin` [ RunTime:0.0007s ]
SQL: SELECT `account`,`role` FROM `kd_admin` WHERE ( admin_id=1 ) LIMIT 1   [ RunTime:0.0003s ]
SQL: SHOW COLUMNS FROM `kd_system` [ RunTime:0.0010s ]
SQL: SELECT `index_notice` FROM `kd_system` LIMIT 1   [ RunTime:0.0003s ]
SQL: SHOW COLUMNS FROM `kd_admin` [ RunTime:0.0009s ]
SQL: SELECT COUNT(*) AS tp_count FROM `kd_admin` LIMIT 1   [ RunTime:0.0003s ]
SQL: SELECT * FROM `kd_admin` ORDER BY role asc LIMIT 0,15   [ RunTime:0.0004s ]
INFO: [ view_parse ] --START--
INFO: [ template_filter ] --START--
INFO: Run Behavior\ContentReplaceBehavior [ RunTime:0.000024s ]
INFO: [ template_filter ] --END-- [ RunTime:0.000038s ]
INFO: Run Behavior\ParseTemplateBehavior [ RunTime:0.001180s ]
INFO: [ view_parse ] --END-- [ RunTime:0.001197s ]
INFO: [ view_filter ] --START--
INFO: Run Behavior\WriteHtmlCacheBehavior [ RunTime:0.000029s ]
INFO: [ view_filter ] --END-- [ RunTime:0.000037s ]
INFO: [ app_end ] --START--
INFO: Run Behavior\ShowPageTraceBehavior [ RunTime:0.000022s ]
INFO: [ app_end ] --END-- [ RunTime:0.000031s ]

[ 2020-11-20T11:39:12+08:00 ] 192.168.112.1 /index.php?s=/Admin/Admin/adminAdd/admin_id/1
INFO: [ app_init ] --START--
INFO: Run Behavior\BuildLiteBehavior [ RunTime:0.000008s ]
INFO: [ app_init ] --END-- [ RunTime:0.000048s ]
INFO: [ app_begin ] --START--
INFO: Run Behavior\ReadHtmlCacheBehavior [ RunTime:0.000029s ]
INFO: [ app_begin ] --END-- [ RunTime:0.000047s ]
NOTIC: [2] Declaration of Admin\Controller\AdminController::show() should be compatible with Think\Controller::show($content, $charset = '', $contentType = '', $prefix = '') /app/Application/Admin/Controller/AdminController.class.php 第 5 行.
SQL: SHOW COLUMNS FROM `kd_admin` [ RunTime:0.0010s ]
SQL: SHOW COLUMNS FROM `kd_admin` [ RunTime:0.0008s ]
SQL: SELECT `account`,`role` FROM `kd_admin` WHERE ( admin_id=1 ) LIMIT 1   [ RunTime:0.0003s ]
SQL: SHOW COLUMNS FROM `kd_system` [ RunTime:0.0010s ]
SQL: SELECT `index_notice` FROM `kd_system` LIMIT 1   [ RunTime:0.0002s ]
SQL: SHOW COLUMNS FROM `kd_admin` [ RunTime:0.0008s ]
SQL: SELECT * FROM `kd_admin` WHERE ( admin_id=1 ) LIMIT 1   [ RunTime:0.0003s ]
NOTIC: [2] Invalid argument supplied for foreach() /app/ThinkPHP/Common/functions.php 第 346 行.
INFO: [ view_parse ] --START--
INFO: [ template_filter ] --START--
INFO: Run Behavior\ContentReplaceBehavior [ RunTime:0.000022s ]
INFO: [ template_filter ] --END-- [ RunTime:0.000038s ]
INFO: Run Behavior\ParseTemplateBehavior [ RunTime:0.000784s ]
INFO: [ view_parse ] --END-- [ RunTime:0.000800s ]
INFO: [ view_filter ] --START--
INFO: Run Behavior\WriteHtmlCacheBehavior [ RunTime:0.000024s ]
INFO: [ view_filter ] --END-- [ RunTime:0.000034s ]
INFO: [ app_end ] --START--
INFO: Run Behavior\ShowPageTraceBehavior [ RunTime:0.000020s ]
INFO: [ app_end ] --END-- [ RunTime:0.000030s ]

[ 2020-11-20T11:39:16+08:00 ] 192.168.112.1 /index.php?s=/Admin/Admin/show.html
INFO: [ app_init ] --START--
INFO: Run Behavior\BuildLiteBehavior [ RunTime:0.000007s ]
INFO: [ app_init ] --END-- [ RunTime:0.000059s ]
INFO: [ app_begin ] --START--
INFO: Run Behavior\ReadHtmlCacheBehavior [ RunTime:0.000035s ]
INFO: [ app_begin ] --END-- [ RunTime:0.000055s ]
NOTIC: [2] Declaration of Admin\Controller\AdminController::show() should be compatible with Think\Controller::show($content, $charset = '', $contentType = '', $prefix = '') /app/Application/Admin/Controller/AdminController.class.php 第 5 行.
SQL: SHOW COLUMNS FROM `kd_admin` [ RunTime:0.0010s ]
SQL: SHOW COLUMNS FROM `kd_admin` [ RunTime:0.0008s ]
SQL: SELECT `account`,`role` FROM `kd_admin` WHERE ( admin_id=1 ) LIMIT 1   [ RunTime:0.0003s ]
SQL: SHOW COLUMNS FROM `kd_system` [ RunTime:0.0010s ]
SQL: SELECT `index_notice` FROM `kd_system` LIMIT 1   [ RunTime:0.0003s ]
SQL: SHOW COLUMNS FROM `kd_admin` [ RunTime:0.0008s ]
SQL: SELECT COUNT(*) AS tp_count FROM `kd_admin` LIMIT 1   [ RunTime:0.0003s ]
SQL: SELECT * FROM `kd_admin` ORDER BY role asc LIMIT 0,15   [ RunTime:0.0004s ]
INFO: [ view_parse ] --START--
INFO: [ template_filter ] --START--
INFO: Run Behavior\ContentReplaceBehavior [ RunTime:0.000035s ]
INFO: [ template_filter ] --END-- [ RunTime:0.000057s ]
INFO: Run Behavior\ParseTemplateBehavior [ RunTime:0.001632s ]
INFO: [ view_parse ] --END-- [ RunTime:0.001656s ]
INFO: [ view_filter ] --START--
INFO: Run Behavior\WriteHtmlCacheBehavior [ RunTime:0.000041s ]
INFO: [ view_filter ] --END-- [ RunTime:0.000057s ]
INFO: [ app_end ] --START--
INFO: Run Behavior\ShowPageTraceBehavior [ RunTime:0.000034s ]
INFO: [ app_end ] --END-- [ RunTime:0.000050s ]

[ 2020-11-20T11:39:17+08:00 ] 192.168.112.1 /index.php?s=/Admin/Admin/adminAdd/admin_id/3
INFO: [ app_init ] --START--
INFO: Run Behavior\BuildLiteBehavior [ RunTime:0.000008s ]
INFO: [ app_init ] --END-- [ RunTime:0.000051s ]
INFO: [ app_begin ] --START--
INFO: Run Behavior\ReadHtmlCacheBehavior [ RunTime:0.000029s ]
INFO: [ app_begin ] --END-- [ RunTime:0.000048s ]
NOTIC: [2] Declaration of Admin\Controller\AdminController::show() should be compatible with Think\Controller::show($content, $charset = '', $contentType = '', $prefix = '') /app/Application/Admin/Controller/AdminController.class.php 第 5 行.
SQL: SHOW COLUMNS FROM `kd_admin` [ RunTime:0.0008s ]
SQL: SHOW COLUMNS FROM `kd_admin` [ RunTime:0.0007s ]
SQL: SELECT `account`,`role` FROM `kd_admin` WHERE ( admin_id=1 ) LIMIT 1   [ RunTime:0.0003s ]
SQL: SHOW COLUMNS FROM `kd_system` [ RunTime:0.0009s ]
SQL: SELECT `index_notice` FROM `kd_system` LIMIT 1   [ RunTime:0.0003s ]
SQL: SHOW COLUMNS FROM `kd_admin` [ RunTime:0.0009s ]
SQL: SELECT * FROM `kd_admin` WHERE ( admin_id=3 ) LIMIT 1   [ RunTime:0.0003s ]
NOTIC: [2] Invalid argument supplied for foreach() /app/ThinkPHP/Common/functions.php 第 346 行.
INFO: [ view_parse ] --START--
INFO: [ template_filter ] --START--
INFO: Run Behavior\ContentReplaceBehavior [ RunTime:0.000024s ]
INFO: [ template_filter ] --END-- [ RunTime:0.000040s ]
INFO: Run Behavior\ParseTemplateBehavior [ RunTime:0.000790s ]
INFO: [ view_parse ] --END-- [ RunTime:0.000807s ]
INFO: [ view_filter ] --START--
INFO: Run Behavior\WriteHtmlCacheBehavior [ RunTime:0.000024s ]
INFO: [ view_filter ] --END-- [ RunTime:0.000035s ]
INFO: [ app_end ] --START--
INFO: Run Behavior\ShowPageTraceBehavior [ RunTime:0.000019s ]
INFO: [ app_end ] --END-- [ RunTime:0.000029s ]

[ 2020-11-20T11:39:18+08:00 ] 192.168.112.1 /index.php?s=/Admin/Admin/show.html
INFO: [ app_init ] --START--
INFO: Run Behavior\BuildLiteBehavior [ RunTime:0.000008s ]
INFO: [ app_init ] --END-- [ RunTime:0.000051s ]
INFO: [ app_begin ] --START--
INFO: Run Behavior\ReadHtmlCacheBehavior [ RunTime:0.000029s ]
INFO: [ app_begin ] --END-- [ RunTime:0.000049s ]
NOTIC: [2] Declaration of Admin\Controller\AdminController::show() should be compatible with Think\Controller::show($content, $charset = '', $contentType = '', $prefix = '') /app/Application/Admin/Controller/AdminController.class.php 第 5 行.
SQL: SHOW COLUMNS FROM `kd_admin` [ RunTime:0.0010s ]
SQL: SHOW COLUMNS FROM `kd_admin` [ RunTime:0.0008s ]
SQL: SELECT `account`,`role` FROM `kd_admin` WHERE ( admin_id=1 ) LIMIT 1   [ RunTime:0.0004s ]
SQL: SHOW COLUMNS FROM `kd_system` [ RunTime:0.0010s ]
SQL: SELECT `index_notice` FROM `kd_system` LIMIT 1   [ RunTime:0.0003s ]
SQL: SHOW COLUMNS FROM `kd_admin` [ RunTime:0.0008s ]
SQL: SELECT COUNT(*) AS tp_count FROM `kd_admin` LIMIT 1   [ RunTime:0.0002s ]
SQL: SELECT * FROM `kd_admin` ORDER BY role asc LIMIT 0,15   [ RunTime:0.0003s ]
INFO: [ view_parse ] --START--
INFO: [ template_filter ] --START--
INFO: Run Behavior\ContentReplaceBehavior [ RunTime:0.000025s ]
INFO: [ template_filter ] --END-- [ RunTime:0.000041s ]
INFO: Run Behavior\ParseTemplateBehavior [ RunTime:0.001165s ]
INFO: [ view_parse ] --END-- [ RunTime:0.001181s ]
INFO: [ view_filter ] --START--
INFO: Run Behavior\WriteHtmlCacheBehavior [ RunTime:0.000022s ]
INFO: [ view_filter ] --END-- [ RunTime:0.000032s ]
INFO: [ app_end ] --START--
INFO: Run Behavior\ShowPageTraceBehavior [ RunTime:0.000027s ]
INFO: [ app_end ] --END-- [ RunTime:0.000037s ]

[ 2020-11-20T11:39:20+08:00 ] 192.168.112.1 /index.php?s=/Admin/Admin/adminAdd/admin_id/1
INFO: [ app_init ] --START--
INFO: Run Behavior\BuildLiteBehavior [ RunTime:0.000008s ]
INFO: [ app_init ] --END-- [ RunTime:0.000059s ]
INFO: [ app_begin ] --START--
INFO: Run Behavior\ReadHtmlCacheBehavior [ RunTime:0.000035s ]
INFO: [ app_begin ] --END-- [ RunTime:0.000055s ]
NOTIC: [2] Declaration of Admin\Controller\AdminController::show() should be compatible with Think\Controller::show($content, $charset = '', $contentType = '', $prefix = '') /app/Application/Admin/Controller/AdminController.class.php 第 5 行.
SQL: SHOW COLUMNS FROM `kd_admin` [ RunTime:0.0008s ]
SQL: SHOW COLUMNS FROM `kd_admin` [ RunTime:0.0005s ]
SQL: SELECT `account`,`role` FROM `kd_admin` WHERE ( admin_id=1 ) LIMIT 1   [ RunTime:0.0002s ]
SQL: SHOW COLUMNS FROM `kd_system` [ RunTime:0.0006s ]
SQL: SELECT `index_notice` FROM `kd_system` LIMIT 1   [ RunTime:0.0002s ]
SQL: SHOW COLUMNS FROM `kd_admin` [ RunTime:0.0006s ]
SQL: SELECT * FROM `kd_admin` WHERE ( admin_id=1 ) LIMIT 1   [ RunTime:0.0003s ]
NOTIC: [2] Invalid argument supplied for foreach() /app/ThinkPHP/Common/functions.php 第 346 行.
INFO: [ view_parse ] --START--
INFO: [ template_filter ] --START--
INFO: Run Behavior\ContentReplaceBehavior [ RunTime:0.000022s ]
INFO: [ template_filter ] --END-- [ RunTime:0.000045s ]
INFO: Run Behavior\ParseTemplateBehavior [ RunTime:0.001024s ]
INFO: [ view_parse ] --END-- [ RunTime:0.001047s ]
INFO: [ view_filter ] --START--
INFO: Run Behavior\WriteHtmlCacheBehavior [ RunTime:0.000048s ]
INFO: [ view_filter ] --END-- [ RunTime:0.000062s ]
INFO: [ app_end ] --START--
INFO: Run Behavior\ShowPageTraceBehavior [ RunTime:0.000039s ]
INFO: [ app_end ] --END-- [ RunTime:0.000053s ]

[ 2020-11-20T11:40:40+08:00 ] 192.168.112.1 /index.php?s=/Admin/Admin/show.html
INFO: [ app_init ] --START--
INFO: Run Behavior\BuildLiteBehavior [ RunTime:0.000006s ]
INFO: [ app_init ] --END-- [ RunTime:0.000040s ]
INFO: [ app_begin ] --START--
INFO: Run Behavior\ReadHtmlCacheBehavior [ RunTime:0.000020s ]
INFO: [ app_begin ] --END-- [ RunTime:0.000033s ]
NOTIC: [2] Declaration of Admin\Controller\AdminController::show() should be compatible with Think\Controller::show($content, $charset = '', $contentType = '', $prefix = '') /app/Application/Admin/Controller/AdminController.class.php 第 5 行.
SQL: SHOW COLUMNS FROM `kd_admin` [ RunTime:0.0007s ]
SQL: SHOW COLUMNS FROM `kd_admin` [ RunTime:0.0004s ]
SQL: SELECT `account`,`role` FROM `kd_admin` WHERE ( admin_id=1 ) LIMIT 1   [ RunTime:0.0002s ]
SQL: SHOW COLUMNS FROM `kd_system` [ RunTime:0.0006s ]
SQL: SELECT `index_notice` FROM `kd_system` LIMIT 1   [ RunTime:0.0002s ]
SQL: SHOW COLUMNS FROM `kd_admin` [ RunTime:0.0005s ]
SQL: SELECT COUNT(*) AS tp_count FROM `kd_admin` LIMIT 1   [ RunTime:0.0002s ]
SQL: SELECT * FROM `kd_admin` ORDER BY role asc LIMIT 0,15   [ RunTime:0.0002s ]
INFO: [ view_parse ] --START--
INFO: [ template_filter ] --START--
INFO: Run Behavior\ContentReplaceBehavior [ RunTime:0.000020s ]
INFO: [ template_filter ] --END-- [ RunTime:0.000033s ]
INFO: Run Behavior\ParseTemplateBehavior [ RunTime:0.001131s ]
INFO: [ view_parse ] --END-- [ RunTime:0.001145s ]
INFO: [ view_filter ] --START--
INFO: Run Behavior\WriteHtmlCacheBehavior [ RunTime:0.000032s ]
INFO: [ view_filter ] --END-- [ RunTime:0.000041s ]
INFO: [ app_end ] --START--
INFO: Run Behavior\ShowPageTraceBehavior [ RunTime:0.000025s ]
INFO: [ app_end ] --END-- [ RunTime:0.000034s ]

[ 2020-11-20T11:42:26+08:00 ] 192.168.112.1 /index.php?s=/Admin/Admin/adminAdd.html
INFO: [ app_init ] --START--
INFO: Run Behavior\BuildLiteBehavior [ RunTime:0.000008s ]
INFO: [ app_init ] --END-- [ RunTime:0.000064s ]
INFO: [ app_begin ] --START--
INFO: Run Behavior\ReadHtmlCacheBehavior [ RunTime:0.000040s ]
INFO: [ app_begin ] --END-- [ RunTime:0.000059s ]
NOTIC: [2] Declaration of Admin\Controller\AdminController::show() should be compatible with Think\Controller::show($content, $charset = '', $contentType = '', $prefix = '') /app/Application/Admin/Controller/AdminController.class.php 第 5 行.
SQL: SHOW COLUMNS FROM `kd_admin` [ RunTime:0.0010s ]
SQL: SHOW COLUMNS FROM `kd_admin` [ RunTime:0.0009s ]
SQL: SELECT `account`,`role` FROM `kd_admin` WHERE ( admin_id=1 ) LIMIT 1   [ RunTime:0.0004s ]
SQL: SHOW COLUMNS FROM `kd_system` [ RunTime:0.0010s ]
SQL: SELECT `index_notice` FROM `kd_system` LIMIT 1   [ RunTime:0.0003s ]
SQL: SHOW COLUMNS FROM `kd_admin` [ RunTime:0.0010s ]
NOTIC: [2] Invalid argument supplied for foreach() /app/ThinkPHP/Common/functions.php 第 346 行.
INFO: [ view_parse ] --START--
INFO: [ template_filter ] --START--
INFO: Run Behavior\ContentReplaceBehavior [ RunTime:0.000029s ]
INFO: [ template_filter ] --END-- [ RunTime:0.000049s ]
NOTIC: [8] Undefined variable: detail /app/Application/Runtime/Cache/Admin/e52a07aae79f3e16c75b6a7c795b444b.php 第 20 行.
NOTIC: [8] Undefined variable: detail /app/Application/Runtime/Cache/Admin/e52a07aae79f3e16c75b6a7c795b444b.php 第 21 行.
NOTIC: [8] Undefined variable: detail /app/Application/Runtime/Cache/Admin/e52a07aae79f3e16c75b6a7c795b444b.php 第 27 行.
INFO: Run Behavior\ParseTemplateBehavior [ RunTime:0.001193s ]
INFO: [ view_parse ] --END-- [ RunTime:0.001212s ]
INFO: [ view_filter ] --START--
INFO: Run Behavior\WriteHtmlCacheBehavior [ RunTime:0.000042s ]
INFO: [ view_filter ] --END-- [ RunTime:0.000054s ]
INFO: [ app_end ] --START--
INFO: Run Behavior\ShowPageTraceBehavior [ RunTime:0.000036s ]
INFO: [ app_end ] --END-- [ RunTime:0.000049s ]

[ 2020-11-20T11:42:33+08:00 ] 192.168.112.1 /index.php?s=/Admin/Index/main.html
INFO: [ app_init ] --START--
INFO: Run Behavior\BuildLiteBehavior [ RunTime:0.000008s ]
INFO: [ app_init ] --END-- [ RunTime:0.000064s ]
INFO: [ app_begin ] --START--
INFO: Run Behavior\ReadHtmlCacheBehavior [ RunTime:0.000041s ]
INFO: [ app_begin ] --END-- [ RunTime:0.000060s ]
SQL: SHOW COLUMNS FROM `kd_admin` [ RunTime:0.0009s ]
SQL: SHOW COLUMNS FROM `kd_admin` [ RunTime:0.0007s ]
SQL: SELECT `account`,`role` FROM `kd_admin` WHERE ( admin_id=1 ) LIMIT 1   [ RunTime:0.0003s ]
SQL: SHOW COLUMNS FROM `kd_system` [ RunTime:0.0006s ]
SQL: SELECT `index_notice` FROM `kd_system` LIMIT 1   [ RunTime:0.0001s ]
SQL: SHOW COLUMNS FROM `kd_admin` [ RunTime:0.0006s ]
SQL: SHOW COLUMNS FROM `kd_union_log` [ RunTime:0.0006s ]
SQL: SELECT COUNT(*) AS tp_count FROM `kd_union_log` LIMIT 1   [ RunTime:0.0002s ]
SQL: SHOW COLUMNS FROM `kd_task` [ RunTime:0.0008s ]
SQL: SELECT COUNT(*) AS tp_count FROM `kd_task` LIMIT 1   [ RunTime:0.0002s ]
SQL: SELECT SUM(unit_price) AS tp_SUM FROM `kd_task` LIMIT 1   [ RunTime:0.0002s ]
NOTIC: [2] Division by zero /app/Application/Admin/Logic/AdminLogic.class.php 第 182 行.
SQL: SHOW COLUMNS FROM `kd_seller_recharge` [ RunTime:0.0010s ]
SQL: SELECT SUM(charge_money) AS tp_SUM FROM `kd_seller_recharge` LIMIT 1   [ RunTime:0.0003s ]
SQL: SHOW COLUMNS FROM `kd_seller_finance` [ RunTime:0.0007s ]
SQL: SELECT SUM(money) AS tp_SUM FROM `kd_seller_finance` WHERE `change_type` = 2 LIMIT 1   [ RunTime:0.0002s ]
SQL: SHOW COLUMNS FROM `kd_seller` [ RunTime:0.0008s ]
SQL: SELECT SUM(money) AS tp_SUM FROM `kd_seller` LIMIT 1   [ RunTime:0.0001s ]
SQL: SHOW COLUMNS FROM `kd_article` [ RunTime:0.0005s ]
SQL: SELECT COUNT(*) AS tp_count FROM `kd_article` LIMIT 1   [ RunTime:0.0001s ]
SQL: SELECT COUNT(*) AS tp_count FROM `kd_seller` LIMIT 1   [ RunTime:0.0001s ]
SQL: SELECT COUNT(*) AS tp_count FROM `kd_seller_recharge` LIMIT 1   [ RunTime:0.0002s ]
SQL: SELECT COUNT(*) AS count FROM `kd_task` WHERE ( add_time BETWEEN '2020-11-19' AND '2020-11-20' ) [ RunTime:0.0002s ]
SQL: SELECT COALESCE(SUM(charge_money),0) AS sum FROM `kd_seller_recharge` WHERE ( charge_create BETWEEN '2020-11-19' AND '2020-11-20' ) [ RunTime:0.0002s ]
SQL: SELECT COUNT(*) AS count FROM `kd_task` WHERE ( add_time BETWEEN '2020-11-18' AND '2020-11-19' ) [ RunTime:0.0002s ]
SQL: SELECT COALESCE(SUM(charge_money),0) AS sum FROM `kd_seller_recharge` WHERE ( charge_create BETWEEN '2020-11-18' AND '2020-11-19' ) [ RunTime:0.0002s ]
SQL: SELECT COUNT(*) AS count FROM `kd_task` WHERE ( add_time BETWEEN '2020-11-17' AND '2020-11-18' ) [ RunTime:0.0002s ]
SQL: SELECT COALESCE(SUM(charge_money),0) AS sum FROM `kd_seller_recharge` WHERE ( charge_create BETWEEN '2020-11-17' AND '2020-11-18' ) [ RunTime:0.0002s ]
SQL: SELECT COUNT(*) AS count FROM `kd_task` WHERE ( add_time BETWEEN '2020-11-16' AND '2020-11-17' ) [ RunTime:0.0002s ]
SQL: SELECT COALESCE(SUM(charge_money),0) AS sum FROM `kd_seller_recharge` WHERE ( charge_create BETWEEN '2020-11-16' AND '2020-11-17' ) [ RunTime:0.0002s ]
SQL: SELECT COUNT(*) AS count FROM `kd_task` WHERE ( add_time BETWEEN '2020-11-15' AND '2020-11-16' ) [ RunTime:0.0002s ]
SQL: SELECT COALESCE(SUM(charge_money),0) AS sum FROM `kd_seller_recharge` WHERE ( charge_create BETWEEN '2020-11-15' AND '2020-11-16' ) [ RunTime:0.0002s ]
SQL: SELECT COUNT(*) AS count FROM `kd_task` WHERE ( add_time BETWEEN '2020-11-14' AND '2020-11-15' ) [ RunTime:0.0002s ]
SQL: SELECT COALESCE(SUM(charge_money),0) AS sum FROM `kd_seller_recharge` WHERE ( charge_create BETWEEN '2020-11-14' AND '2020-11-15' ) [ RunTime:0.0002s ]
SQL: SELECT COUNT(*) AS count FROM `kd_task` WHERE ( add_time BETWEEN '2020-11-13' AND '2020-11-14' ) [ RunTime:0.0002s ]
SQL: SELECT COALESCE(SUM(charge_money),0) AS sum FROM `kd_seller_recharge` WHERE ( charge_create BETWEEN '2020-11-13' AND '2020-11-14' ) [ RunTime:0.0002s ]
INFO: [ view_parse ] --START--
INFO: [ template_filter ] --START--
INFO: Run Behavior\ContentReplaceBehavior [ RunTime:0.000050s ]
INFO: [ template_filter ] --END-- [ RunTime:0.000065s ]
INFO: Run Behavior\ParseTemplateBehavior [ RunTime:0.001240s ]
INFO: [ view_parse ] --END-- [ RunTime:0.001256s ]
INFO: [ view_filter ] --START--
INFO: Run Behavior\WriteHtmlCacheBehavior [ RunTime:0.000028s ]
INFO: [ view_filter ] --END-- [ RunTime:0.000038s ]
INFO: [ app_end ] --START--
INFO: Run Behavior\ShowPageTraceBehavior [ RunTime:0.000028s ]
INFO: [ app_end ] --END-- [ RunTime:0.000041s ]

[ 2020-11-20T11:42:41+08:00 ] 192.168.112.1 /index.php?s=/Admin/Admin/show.html
INFO: [ app_init ] --START--
INFO: Run Behavior\BuildLiteBehavior [ RunTime:0.000008s ]
INFO: [ app_init ] --END-- [ RunTime:0.000060s ]
INFO: [ app_begin ] --START--
INFO: Run Behavior\ReadHtmlCacheBehavior [ RunTime:0.000035s ]
INFO: [ app_begin ] --END-- [ RunTime:0.000055s ]
NOTIC: [2] Declaration of Admin\Controller\AdminController::show() should be compatible with Think\Controller::show($content, $charset = '', $contentType = '', $prefix = '') /app/Application/Admin/Controller/AdminController.class.php 第 5 行.
SQL: SHOW COLUMNS FROM `kd_admin` [ RunTime:0.0007s ]
SQL: SHOW COLUMNS FROM `kd_admin` [ RunTime:0.0006s ]
SQL: SELECT `account`,`role` FROM `kd_admin` WHERE ( admin_id=1 ) LIMIT 1   [ RunTime:0.0004s ]
SQL: SHOW COLUMNS FROM `kd_system` [ RunTime:0.0006s ]
SQL: SELECT `index_notice` FROM `kd_system` LIMIT 1   [ RunTime:0.0002s ]
SQL: SHOW COLUMNS FROM `kd_admin` [ RunTime:0.0007s ]
SQL: SELECT COUNT(*) AS tp_count FROM `kd_admin` LIMIT 1   [ RunTime:0.0002s ]
SQL: SELECT * FROM `kd_admin` ORDER BY role asc LIMIT 0,15   [ RunTime:0.0002s ]
INFO: [ view_parse ] --START--
INFO: [ template_filter ] --START--
INFO: Run Behavior\ContentReplaceBehavior [ RunTime:0.000033s ]
INFO: [ template_filter ] --END-- [ RunTime:0.000054s ]
INFO: Run Behavior\ParseTemplateBehavior [ RunTime:0.001076s ]
INFO: [ view_parse ] --END-- [ RunTime:0.001096s ]
INFO: [ view_filter ] --START--
INFO: Run Behavior\WriteHtmlCacheBehavior [ RunTime:0.000027s ]
INFO: [ view_filter ] --END-- [ RunTime:0.000036s ]
INFO: [ app_end ] --START--
INFO: Run Behavior\ShowPageTraceBehavior [ RunTime:0.000056s ]
INFO: [ app_end ] --END-- [ RunTime:0.000065s ]

